# JRE version: OpenJDK Runtime Environment Temurin-17.0.6+10 (17.0.6+10) (build 17.0.6+10)
# Java VM: OpenJDK 64-Bit Server VM Temurin-17.0.6+10 (17.0.6+10, mixed mode, tiered, compressed oops, compressed class ptrs, g1 gc, linux-amd64)
GC Precious Log:
 CPUs: 128 total, 16 available
 Memory: 11232M
 Large Page Support: Disabled
 NUMA Support: Disabled
 Compressed Oops: Enabled (32-bit)
 Heap Region Size: 1M
 Heap Min Capacity: 64M
 Heap Initial Capacity: 64M
 Heap Max Capacity: 1G
 Pre-touch: Disabled
 Parallel Workers: 13
 Concurrent Workers: 3
 Concurrent Refinement Workers: 13
 Periodic GC: Disabled
Heap:
 garbage-first heap   total 75776K, used 54689K [0x00000000c0000000, 0x0000000100000000)
  region size 1024K, 33 young (33792K), 1 survivors (1024K)
 Metaspace       used 42310K, committed 43456K, reserved 1089536K
  class space    used 4864K, committed 5312K, reserved 1048576K
GC Heap History (12 events):
Event: 0,447 GC heap before
{Heap before GC invocations=0 (full 0):
 garbage-first heap   total 65536K, used 22528K [0x00000000c0000000, 0x0000000100000000)
  region size 1024K, 23 young (23552K), 0 survivors (0K)
 Metaspace       used 12379K, committed 12608K, reserved 1064960K
  class space    used 1241K, committed 1344K, reserved 1048576K
}
Event: 0,453 GC heap after
{Heap after GC invocations=1 (full 0):
 garbage-first heap   total 65536K, used 6768K [0x00000000c0000000, 0x0000000100000000)
  region size 1024K, 3 young (3072K), 3 survivors (3072K)
 Metaspace       used 12379K, committed 12608K, reserved 1064960K
  class space    used 1241K, committed 1344K, reserved 1048576K
}
Event: 0,767 GC heap before
{Heap before GC invocations=1 (full 0):
 garbage-first heap   total 65536K, used 28272K [0x00000000c0000000, 0x0000000100000000)
  region size 1024K, 25 young (25600K), 3 survivors (3072K)
 Metaspace       used 18694K, committed 19136K, reserved 1073152K
  class space    used 1915K, committed 2112K, reserved 1048576K
}
Event: 0,772 GC heap after
{Heap after GC invocations=2 (full 0):
 garbage-first heap   total 65536K, used 10565K [0x00000000c0000000, 0x0000000100000000)
  region size 1024K, 4 young (4096K), 4 survivors (4096K)
 Metaspace       used 18694K, committed 19136K, reserved 1073152K
  class space    used 1915K, committed 2112K, reserved 1048576K
}
Event: 0,924 GC heap before
{Heap before GC invocations=2 (full 0):
 garbage-first heap   total 65536K, used 20805K [0x00000000c0000000, 0x0000000100000000)
  region size 1024K, 15 young (15360K), 4 survivors (4096K)
 Metaspace       used 21033K, committed 21504K, reserved 1073152K
  class space    used 2181K, committed 2368K, reserved 1048576K
}
Event: 0,927 GC heap after
{Heap after GC invocations=3 (full 0):
 garbage-first heap   total 65536K, used 12888K [0x00000000c0000000, 0x0000000100000000)
  region size 1024K, 3 young (3072K), 3 survivors (3072K)
 Metaspace       used 21033K, committed 21504K, reserved 1073152K
  class space    used 2181K, committed 2368K, reserved 1048576K
}
Event: 1,176 GC heap before
{Heap before GC invocations=4 (full 0):
 garbage-first heap   total 65536K, used 38488K [0x00000000c0000000, 0x0000000100000000)
  region size 1024K, 27 young (27648K), 3 survivors (3072K)
 Metaspace       used 26495K, committed 27200K, reserved 1073152K
  class space    used 2863K, committed 3136K, reserved 1048576K
}
Event: 1,179 GC heap after
{Heap after GC invocations=5 (full 0):
 garbage-first heap   total 65536K, used 17076K [0x00000000c0000000, 0x0000000100000000)
  region size 1024K, 4 young (4096K), 4 survivors (4096K)
 Metaspace       used 26495K, committed 27200K, reserved 1073152K
  class space    used 2863K, committed 3136K, reserved 1048576K
}
Event: 1,568 GC heap before
{Heap before GC invocations=5 (full 0):
 garbage-first heap   total 65536K, used 42676K [0x00000000c0000000, 0x0000000100000000)
  region size 1024K, 29 young (29696K), 4 survivors (4096K)
 Metaspace       used 34339K, committed 35136K, reserved 1081344K
  class space    used 3733K, committed 4096K, reserved 1048576K
}
Event: 1,573 GC heap after
{Heap after GC invocations=6 (full 0):
 garbage-first heap   total 78848K, used 20531K [0x00000000c0000000, 0x0000000100000000)
  region size 1024K, 4 young (4096K), 4 survivors (4096K)
 Metaspace       used 34339K, committed 35136K, reserved 1081344K
  class space    used 3733K, committed 4096K, reserved 1048576K
}
Event: 1,622 GC heap before
{Heap before GC invocations=6 (full 0):
 garbage-first heap   total 78848K, used 23603K [0x00000000c0000000, 0x0000000100000000)
  region size 1024K, 8 young (8192K), 4 survivors (4096K)
 Metaspace       used 35427K, committed 36288K, reserved 1089536K
  class space    used 3883K, committed 4288K, reserved 1048576K
}
Event: 1,625 GC heap after
{Heap after GC invocations=7 (full 0):
 garbage-first heap   total 78848K, used 20897K [0x00000000c0000000, 0x0000000100000000)
  region size 1024K, 1 young (1024K), 1 survivors (1024K)
 Metaspace       used 35427K, committed 36288K, reserved 1089536K
  class space    used 3883K, committed 4288K, reserved 1048576K
}

