# JRE version: OpenJDK Runtime Environment Temurin-17.0.6+10 (17.0.6+10) (build 17.0.6+10)
# Java VM: OpenJDK 64-Bit Server VM Temurin-17.0.6+10 (17.0.6+10, mixed mode, tiered, compressed oops, compressed class ptrs, g1 gc, linux-amd64)
GC Precious Log:
 CPUs: 128 total, 16 available
 Memory: 11232M
 Large Page Support: Disabled
 NUMA Support: Disabled
 Compressed Oops: Enabled (32-bit)
 Heap Region Size: 1M
 Heap Min Capacity: 64M
 Heap Initial Capacity: 64M
 Heap Max Capacity: 1G
 Pre-touch: Disabled
 Parallel Workers: 13
 Concurrent Workers: 3
 Concurrent Refinement Workers: 13
 Periodic GC: Disabled
Heap:
 garbage-first heap   total 146432K, used 87396K [0x00000000c0000000, 0x0000000100000000)
  region size 1024K, 28 young (28672K), 7 survivors (7168K)
 Metaspace       used 88348K, committed 90112K, reserved 1130496K
  class space    used 10883K, committed 11584K, reserved 1048576K
GC Heap History (20 events):
Event: 4,099 GC heap before
{Heap before GC invocations=15 (full 0):
 garbage-first heap   total 146432K, used 45162K [0x00000000c0000000, 0x0000000100000000)
  region size 1024K, 7 young (7168K), 3 survivors (3072K)
 Metaspace       used 63708K, committed 65280K, reserved 1114112K
  class space    used 7519K, committed 8192K, reserved 1048576K
}
Event: 4,102 GC heap after
{Heap after GC invocations=16 (full 0):
 garbage-first heap   total 146432K, used 40960K [0x00000000c0000000, 0x0000000100000000)
  region size 1024K, 1 young (1024K), 1 survivors (1024K)
 Metaspace       used 63708K, committed 65280K, reserved 1114112K
  class space    used 7519K, committed 8192K, reserved 1048576K
}
Event: 7,014 GC heap before
{Heap before GC invocations=16 (full 0):
 garbage-first heap   total 146432K, used 113664K [0x00000000c0000000, 0x0000000100000000)
  region size 1024K, 64 young (65536K), 1 survivors (1024K)
 Metaspace       used 76952K, committed 78592K, reserved 1122304K
  class space    used 9213K, committed 9920K, reserved 1048576K
}
Event: 7,020 GC heap after
{Heap after GC invocations=17 (full 0):
 garbage-first heap   total 146432K, used 50709K [0x00000000c0000000, 0x0000000100000000)
  region size 1024K, 8 young (8192K), 8 survivors (8192K)
 Metaspace       used 76952K, committed 78592K, reserved 1122304K
  class space    used 9213K, committed 9920K, reserved 1048576K
}
Event: 34,784 GC heap before
{Heap before GC invocations=18 (full 0):
 garbage-first heap   total 146432K, used 108053K [0x00000000c0000000, 0x0000000100000000)
  region size 1024K, 64 young (65536K), 8 survivors (8192K)
 Metaspace       used 79011K, committed 80704K, reserved 1122304K
  class space    used 9464K, committed 10176K, reserved 1048576K
}
Event: 34,792 GC heap after
{Heap after GC invocations=19 (full 0):
 garbage-first heap   total 146432K, used 62893K [0x00000000c0000000, 0x0000000100000000)
  region size 1024K, 8 young (8192K), 8 survivors (8192K)
 Metaspace       used 79011K, committed 80704K, reserved 1122304K
  class space    used 9464K, committed 10176K, reserved 1048576K
}
Event: 35,301 GC heap before
{Heap before GC invocations=19 (full 0):
 garbage-first heap   total 146432K, used 63917K [0x00000000c0000000, 0x0000000100000000)
  region size 1024K, 9 young (9216K), 8 survivors (8192K)
 Metaspace       used 79019K, committed 80704K, reserved 1122304K
  class space    used 9464K, committed 10176K, reserved 1048576K
}
Event: 35,305 GC heap after
{Heap after GC invocations=20 (full 0):
 garbage-first heap   total 146432K, used 56879K [0x00000000c0000000, 0x0000000100000000)
  region size 1024K, 2 young (2048K), 2 survivors (2048K)
 Metaspace       used 79019K, committed 80704K, reserved 1122304K
  class space    used 9464K, committed 10176K, reserved 1048576K
}
Event: 49,369 GC heap before
{Heap before GC invocations=20 (full 0):
 garbage-first heap   total 146432K, used 103983K [0x00000000c0000000, 0x0000000100000000)
  region size 1024K, 48 young (49152K), 2 survivors (2048K)
 Metaspace       used 80252K, committed 82048K, reserved 1122304K
  class space    used 9596K, committed 10368K, reserved 1048576K
}
Event: 49,373 GC heap after
{Heap after GC invocations=21 (full 0):
 garbage-first heap   total 146432K, used 64512K [0x00000000c0000000, 0x0000000100000000)
  region size 1024K, 6 young (6144K), 6 survivors (6144K)
 Metaspace       used 80252K, committed 82048K, reserved 1122304K
  class space    used 9596K, committed 10368K, reserved 1048576K
}
Event: 66,675 GC heap before
{Heap before GC invocations=21 (full 0):
 garbage-first heap   total 146432K, used 107520K [0x00000000c0000000, 0x0000000100000000)
  region size 1024K, 49 young (50176K), 6 survivors (6144K)
 Metaspace       used 86604K, committed 88384K, reserved 1130496K
  class space    used 10732K, committed 11456K, reserved 1048576K
}
Event: 66,680 GC heap after
{Heap after GC invocations=22 (full 0):
 garbage-first heap   total 146432K, used 69103K [0x00000000c0000000, 0x0000000100000000)
  region size 1024K, 7 young (7168K), 7 survivors (7168K)
 Metaspace       used 86604K, committed 88384K, reserved 1130496K
  class space    used 10732K, committed 11456K, reserved 1048576K
}
Event: 84,360 GC heap before
{Heap before GC invocations=22 (full 0):
 garbage-first heap   total 146432K, used 109039K [0x00000000c0000000, 0x0000000100000000)
  region size 1024K, 46 young (47104K), 7 survivors (7168K)
 Metaspace       used 87442K, committed 89152K, reserved 1130496K
  class space    used 10811K, committed 11520K, reserved 1048576K
}
Event: 84,366 GC heap after
{Heap after GC invocations=23 (full 0):
 garbage-first heap   total 146432K, used 71029K [0x00000000c0000000, 0x0000000100000000)
  region size 1024K, 6 young (6144K), 6 survivors (6144K)
 Metaspace       used 87442K, committed 89152K, reserved 1130496K
  class space    used 10811K, committed 11520K, reserved 1048576K
}
Event: 94,147 GC heap before
{Heap before GC invocations=24 (full 0):
 garbage-first heap   total 146432K, used 101749K [0x00000000c0000000, 0x0000000100000000)
  region size 1024K, 44 young (45056K), 6 survivors (6144K)
 Metaspace       used 87710K, committed 89536K, reserved 1130496K
  class space    used 10827K, committed 11584K, reserved 1048576K
}
Event: 94,155 GC heap after
{Heap after GC invocations=25 (full 0):
 garbage-first heap   total 146432K, used 62517K [0x00000000c0000000, 0x0000000100000000)
  region size 1024K, 5 young (5120K), 5 survivors (5120K)
 Metaspace       used 87710K, committed 89536K, reserved 1130496K
  class space    used 10827K, committed 11584K, reserved 1048576K
}
Event: 94,603 GC heap before
{Heap before GC invocations=25 (full 0):
 garbage-first heap   total 146432K, used 64565K [0x00000000c0000000, 0x0000000100000000)
  region size 1024K, 7 young (7168K), 5 survivors (5120K)
 Metaspace       used 87736K, committed 89536K, reserved 1130496K
  class space    used 10827K, committed 11584K, reserved 1048576K
}
Event: 94,605 GC heap after
{Heap after GC invocations=26 (full 0):
 garbage-first heap   total 146432K, used 58011K [0x00000000c0000000, 0x0000000100000000)
  region size 1024K, 1 young (1024K), 1 survivors (1024K)
 Metaspace       used 87736K, committed 89536K, reserved 1130496K
  class space    used 10827K, committed 11584K, reserved 1048576K
}
Event: 145,470 GC heap before
{Heap before GC invocations=26 (full 0):
 garbage-first heap   total 146432K, used 108187K [0x00000000c0000000, 0x0000000100000000)
  region size 1024K, 50 young (51200K), 1 survivors (1024K)
 Metaspace       used 88154K, committed 89920K, reserved 1130496K
  class space    used 10866K, committed 11584K, reserved 1048576K
}
Event: 145,476 GC heap after
{Heap after GC invocations=27 (full 0):
 garbage-first heap   total 146432K, used 66916K [0x00000000c0000000, 0x0000000100000000)
  region size 1024K, 7 young (7168K), 7 survivors (7168K)
 Metaspace       used 88154K, committed 89920K, reserved 1130496K
  class space    used 10866K, committed 11584K, reserved 1048576K
}

