# JRE version: OpenJDK Runtime Environment Temurin-17.0.6+10 (17.0.6+10) (build 17.0.6+10)
# Java VM: OpenJDK 64-Bit Server VM Temurin-17.0.6+10 (17.0.6+10, mixed mode, tiered, compressed oops, compressed class ptrs, g1 gc, linux-amd64)
GC Precious Log:
 CPUs: 128 total, 16 available
 Memory: 11232M
 Large Page Support: Disabled
 NUMA Support: Disabled
 Compressed Oops: Enabled (32-bit)
 Heap Region Size: 1M
 Heap Min Capacity: 64M
 Heap Initial Capacity: 64M
 Heap Max Capacity: 1G
 Pre-touch: Disabled
 Parallel Workers: 13
 Concurrent Workers: 3
 Concurrent Refinement Workers: 13
 Periodic GC: Disabled
Heap:
 garbage-first heap   total 119808K, used 60121K [0x00000000c0000000, 0x0000000100000000)
  region size 1024K, 7 young (7168K), 1 survivors (1024K)
 Metaspace       used 78302K, committed 80064K, reserved 1122304K
  class space    used 9274K, committed 10048K, reserved 1048576K
GC Heap History (20 events):
Event: 58,972 GC heap before
{Heap before GC invocations=21 (full 0):
 garbage-first heap   total 87040K, used 62503K [0x00000000c0000000, 0x0000000100000000)
  region size 1024K, 15 young (15360K), 3 survivors (3072K)
 Metaspace       used 70787K, committed 72320K, reserved 1114112K
  class space    used 8411K, committed 9088K, reserved 1048576K
}
Event: 58,974 GC heap after
{Heap after GC invocations=22 (full 0):
 garbage-first heap   total 87040K, used 50632K [0x00000000c0000000, 0x0000000100000000)
  region size 1024K, 2 young (2048K), 2 survivors (2048K)
 Metaspace       used 70787K, committed 72320K, reserved 1114112K
  class space    used 8411K, committed 9088K, reserved 1048576K
}
Event: 59,018 GC heap before
{Heap before GC invocations=22 (full 0):
 garbage-first heap   total 87040K, used 52680K [0x00000000c0000000, 0x0000000100000000)
  region size 1024K, 4 young (4096K), 2 survivors (2048K)
 Metaspace       used 71002K, committed 72576K, reserved 1114112K
  class space    used 8433K, committed 9088K, reserved 1048576K
}
Event: 59,021 GC heap after
{Heap after GC invocations=23 (full 0):
 garbage-first heap   total 87040K, used 48780K [0x00000000c0000000, 0x0000000100000000)
  region size 1024K, 1 young (1024K), 1 survivors (1024K)
 Metaspace       used 71002K, committed 72576K, reserved 1114112K
  class space    used 8433K, committed 9088K, reserved 1048576K
}
Event: 64,984 GC heap before
{Heap before GC invocations=23 (full 0):
 garbage-first heap   total 87040K, used 65164K [0x00000000c0000000, 0x0000000100000000)
  region size 1024K, 17 young (17408K), 1 survivors (1024K)
 Metaspace       used 71906K, committed 73536K, reserved 1114112K
  class space    used 8559K, committed 9216K, reserved 1048576K
}
Event: 64,988 GC heap after
{Heap after GC invocations=24 (full 0):
 garbage-first heap   total 119808K, used 50089K [0x00000000c0000000, 0x0000000100000000)
  region size 1024K, 2 young (2048K), 2 survivors (2048K)
 Metaspace       used 71906K, committed 73536K, reserved 1114112K
  class space    used 8559K, committed 9216K, reserved 1048576K
}
Event: 70,562 GC heap before
{Heap before GC invocations=25 (full 0):
 garbage-first heap   total 119808K, used 91049K [0x00000000c0000000, 0x0000000100000000)
  region size 1024K, 37 young (37888K), 2 survivors (2048K)
 Metaspace       used 77281K, committed 78976K, reserved 1122304K
  class space    used 9205K, committed 9984K, reserved 1048576K
}
Event: 70,568 GC heap after
{Heap after GC invocations=26 (full 0):
 garbage-first heap   total 119808K, used 56028K [0x00000000c0000000, 0x0000000100000000)
  region size 1024K, 5 young (5120K), 5 survivors (5120K)
 Metaspace       used 77281K, committed 78976K, reserved 1122304K
  class space    used 9205K, committed 9984K, reserved 1048576K
}
Event: 71,756 GC heap before
{Heap before GC invocations=26 (full 0):
 garbage-first heap   total 119808K, used 57052K [0x00000000c0000000, 0x0000000100000000)
  region size 1024K, 6 young (6144K), 5 survivors (5120K)
 Metaspace       used 77281K, committed 78976K, reserved 1122304K
  class space    used 9205K, committed 9984K, reserved 1048576K
}
Event: 71,772 GC heap after
{Heap after GC invocations=27 (full 0):
 garbage-first heap   total 119808K, used 54348K [0x00000000c0000000, 0x0000000100000000)
  region size 1024K, 1 young (1024K), 1 survivors (1024K)
 Metaspace       used 77281K, committed 78976K, reserved 1122304K
  class space    used 9205K, committed 9984K, reserved 1048576K
}
Event: 78,680 GC heap before
{Heap before GC invocations=27 (full 0):
 garbage-first heap   total 119808K, used 88140K [0x00000000c0000000, 0x0000000100000000)
  region size 1024K, 34 young (34816K), 1 survivors (1024K)
 Metaspace       used 77587K, committed 79232K, reserved 1122304K
  class space    used 9230K, committed 9984K, reserved 1048576K
}
Event: 78,685 GC heap after
{Heap after GC invocations=28 (full 0):
 garbage-first heap   total 119808K, used 65447K [0x00000000c0000000, 0x0000000100000000)
  region size 1024K, 5 young (5120K), 5 survivors (5120K)
 Metaspace       used 77587K, committed 79232K, reserved 1122304K
  class space    used 9230K, committed 9984K, reserved 1048576K
}
Event: 104,715 GC heap before
{Heap before GC invocations=28 (full 0):
 garbage-first heap   total 119808K, used 88999K [0x00000000c0000000, 0x0000000100000000)
  region size 1024K, 28 young (28672K), 5 survivors (5120K)
 Metaspace       used 77675K, committed 79360K, reserved 1122304K
  class space    used 9230K, committed 9984K, reserved 1048576K
}
Event: 104,729 GC heap after
{Heap after GC invocations=29 (full 0):
 garbage-first heap   total 119808K, used 69283K [0x00000000c0000000, 0x0000000100000000)
  region size 1024K, 4 young (4096K), 4 survivors (4096K)
 Metaspace       used 77675K, committed 79360K, reserved 1122304K
  class space    used 9230K, committed 9984K, reserved 1048576K
}
Event: 542,968 GC heap before
{Heap before GC invocations=29 (full 0):
 garbage-first heap   total 119808K, used 88739K [0x00000000c0000000, 0x0000000100000000)
  region size 1024K, 24 young (24576K), 4 survivors (4096K)
 Metaspace       used 78192K, committed 79936K, reserved 1122304K
  class space    used 9268K, committed 10048K, reserved 1048576K
}
Event: 542,972 GC heap after
{Heap after GC invocations=30 (full 0):
 garbage-first heap   total 119808K, used 67231K [0x00000000c0000000, 0x0000000100000000)
  region size 1024K, 2 young (2048K), 2 survivors (2048K)
 Metaspace       used 78192K, committed 79936K, reserved 1122304K
  class space    used 9268K, committed 10048K, reserved 1048576K
}
Event: 956,145 GC heap before
{Heap before GC invocations=31 (full 0):
 garbage-first heap   total 119808K, used 80543K [0x00000000c0000000, 0x0000000100000000)
  region size 1024K, 24 young (24576K), 2 survivors (2048K)
 Metaspace       used 78266K, committed 80000K, reserved 1122304K
  class space    used 9271K, committed 10048K, reserved 1048576K
}
Event: 956,149 GC heap after
{Heap after GC invocations=32 (full 0):
 garbage-first heap   total 119808K, used 60614K [0x00000000c0000000, 0x0000000100000000)
  region size 1024K, 3 young (3072K), 3 survivors (3072K)
 Metaspace       used 78266K, committed 80000K, reserved 1122304K
  class space    used 9271K, committed 10048K, reserved 1048576K
}
Event: 956,999 GC heap before
{Heap before GC invocations=32 (full 0):
 garbage-first heap   total 119808K, used 62662K [0x00000000c0000000, 0x0000000100000000)
  region size 1024K, 5 young (5120K), 3 survivors (3072K)
 Metaspace       used 78278K, committed 80000K, reserved 1122304K
  class space    used 9271K, committed 10048K, reserved 1048576K
}
Event: 957,001 GC heap after
{Heap after GC invocations=33 (full 0):
 garbage-first heap   total 119808K, used 55001K [0x00000000c0000000, 0x0000000100000000)
  region size 1024K, 1 young (1024K), 1 survivors (1024K)
 Metaspace       used 78278K, committed 80000K, reserved 1122304K
  class space    used 9271K, committed 10048K, reserved 1048576K
}

